<?xml version="1.0" encoding="UTF-8"?>
<testsuite xmlns:xsi="http://www.w3.org/2001/XMLSchema-instance" xsi:noNamespaceSchemaLocation="https://maven.apache.org/surefire/maven-surefire-plugin/xsd/surefire-test-report-3.0.xsd" version="3.0" name="dev.manyroads.weather.ConditionsTest" time="6.798" tests="1" errors="0" skipped="0" failures="0">
  <properties>
[...]
</properties>
  <testcase name="conditionControllerTest" classname="dev.manyroads.weather.ConditionsTest" time="1.295">
    <system-out><![CDATA[16:22:25.860 [main] INFO org.springframework.test.context.support.AnnotationConfigContextLoaderUtils -- Could not detect default configuration classes for test class [dev.manyroads.weather.ConditionsTest]: ConditionsTest does not declare any static, non-private, non-final, nested classes annotated with @Configuration.
16:22:26.011 [main] INFO org.springframework.boot.test.context.SpringBootTestContextBootstrapper -- Found @SpringBootConfiguration dev.manyroads.weather.Main for test class dev.manyroads.weather.ConditionsTest

  .   ____          _            __ _ _
 /\\ / ___'_ __ _ _(_)_ __  __ _ \ \ \ \
( ( )\___ | '_ | '_| | '_ \/ _` | \ \ \ \
 \\/  ___)| |_)| | | | | || (_| |  ) ) ) )
  '  |____| .__|_| |_|_| |_\__, | / / / /
 =========|_|==============|___/=/_/_/_/
 :: Spring Boot ::                (v3.1.4)

2023-10-04T16:22:28.589+02:00  INFO 17108 --- [           main] dev.manyroads.weather.ConditionsTest     : Starting ConditionsTest using Java 17.0.8 with PID 17108 (started by admin in E:\GitHub\Weather\V2\Java-BE\Conditions)
2023-10-04T16:22:28.595+02:00  INFO 17108 --- [           main] dev.manyroads.weather.ConditionsTest     : No active profile set, falling back to 1 default profile: "default"
2023-10-04T16:22:31.058+02:00  INFO 17108 --- [           main] o.s.b.web.embedded.netty.NettyWebServer  : Netty started on port 50227
2023-10-04T16:22:31.076+02:00  INFO 17108 --- [           main] dev.manyroads.weather.ConditionsTest     : Started ConditionsTest in 3.321 seconds (process running for 6.149)
2023-10-04T16:22:31.594+02:00  WARN 17108 --- [ctor-http-nio-4] ocalVariableTableParameterNameDiscoverer : Using deprecated '-debug' fallback for parameter name resolution. Compile the affected code with '-parameters' instead or avoid its introspection: dev.manyroads.weather.controller.ConditionsController
2023-10-04T16:22:31.614+02:00  INFO 17108 --- [ctor-http-nio-4] d.m.w.controller.ConditionsController    : latitude: 12.0 longitude: 20.0
2023-10-04T16:22:31.631+02:00  INFO 17108 --- [ctor-http-nio-4] d.m.weather.service.WeatherService       : weatherUri: https://api.open-meteo.com/v1/forecast?latitude=12.0&longitude=20.0&current_weather=true
2023-10-04T16:22:32.251+02:00  INFO 17108 --- [ctor-http-nio-4] d.m.w.controller.ConditionsController    : monoWeatherRaw: WeatherRaw{latitude=12.0, longitude=20.0, generationtime_ms=0.07998943328857422, utc_offset_seconds=0, timezone='GMT', timezone_abbreviation='GMT', elevation=447.0, current_weather=Weather{temperature='31.0', windspeed='6.0', winddirection='327', weathercode='80', is_day='1', time='Wed Oct 04 16:15:00 CEST 2023'}}
2023-10-04T16:22:32.302+02:00  INFO 17108 --- [ctor-http-nio-4] d.m.weather.service.WeatherService       : Mono: WeatherRaw{latitude=12.0, longitude=20.0, generationtime_ms=0.14197826385498047, utc_offset_seconds=0, timezone='GMT', timezone_abbreviation='GMT', elevation=447.0, current_weather=Weather{temperature='31.0', windspeed='6.0', winddirection='327', weathercode='80', is_day='1', time='Wed Oct 04 16:15:00 CEST 2023'}}
]]></system-out>
    <system-err><![CDATA[SLF4J: Class path contains multiple SLF4J providers.
SLF4J: Found provider [ch.qos.logback.classic.spi.LogbackServiceProvider@43c1b556]
SLF4J: Found provider [org.slf4j.simple.SimpleServiceProvider@587e5365]
SLF4J: See https://www.slf4j.org/codes.html#multiple_bindings for an explanation.
SLF4J: Actual provider is of type [ch.qos.logback.classic.spi.LogbackServiceProvider@43c1b556]
]]></system-err>
  </testcase>
</testsuite>