<?xml version="1.0" encoding="UTF-8"?>
<testsuite xmlns:xsi="http://www.w3.org/2001/XMLSchema-instance" xsi:noNamespaceSchemaLocation="https://maven.apache.org/surefire/maven-surefire-plugin/xsd/surefire-test-report-3.0.xsd" version="3.0" name="dev.manyroads.weather.AppTest" time="5.845" tests="2" errors="0" skipped="0" failures="0">
  <properties>
[...]
</properties>
  <testcase name="cityControllerTest" classname="dev.manyroads.weather.AppTest" time="0.785">
    <system-out><![CDATA[16:22:15.512 [main] INFO org.springframework.test.context.support.AnnotationConfigContextLoaderUtils -- Could not detect default configuration classes for test class [dev.manyroads.weather.AppTest]: AppTest does not declare any static, non-private, non-final, nested classes annotated with @Configuration.
16:22:15.648 [main] INFO org.springframework.boot.test.context.SpringBootTestContextBootstrapper -- Found @SpringBootConfiguration dev.manyroads.weather.Main for test class dev.manyroads.weather.AppTest

  .   ____          _            __ _ _
 /\\ / ___'_ __ _ _(_)_ __  __ _ \ \ \ \
( ( )\___ | '_ | '_| | '_ \/ _` | \ \ \ \
 \\/  ___)| |_)| | | | | || (_| |  ) ) ) )
  '  |____| .__|_| |_|_| |_\__, | / / / /
 =========|_|==============|___/=/_/_/_/
 :: Spring Boot ::                (v3.1.4)

2023-10-04T16:22:16.423+02:00  INFO 14884 --- [           main] dev.manyroads.weather.AppTest            : Starting AppTest using Java 17.0.8 with PID 14884 (started by admin in E:\GitHub\Weather\V2\Java-BE\Location)
2023-10-04T16:22:16.425+02:00  INFO 14884 --- [           main] dev.manyroads.weather.AppTest            : No active profile set, falling back to 1 default profile: "default"
2023-10-04T16:22:20.128+02:00  INFO 14884 --- [           main] o.s.b.web.embedded.netty.NettyWebServer  : Netty started on port 50225
2023-10-04T16:22:20.145+02:00  INFO 14884 --- [           main] dev.manyroads.weather.AppTest            : Started AppTest in 4.238 seconds (process running for 5.57)
2023-10-04T16:22:20.802+02:00  INFO 14884 --- [ctor-http-nio-4] d.m.weather.controller.CityController    : cityName: Berlin
2023-10-04T16:22:20.813+02:00  INFO 14884 --- [ctor-http-nio-4] d.m.weather.controller.CityController    : Returns city: City{name='Berlin', latitude=-200.0, longitude=-200.0, country='<nothingToSeeHere>', population=-1, is_capital=false}
]]></system-out>
    <system-err><![CDATA[SLF4J: Class path contains multiple SLF4J providers.
SLF4J: Found provider [ch.qos.logback.classic.spi.LogbackServiceProvider@2de23121]
SLF4J: Found provider [org.slf4j.simple.SimpleServiceProvider@63475ace]
SLF4J: See https://www.slf4j.org/codes.html#multiple_bindings for an explanation.
SLF4J: Actual provider is of type [ch.qos.logback.classic.spi.LogbackServiceProvider@2de23121]
]]></system-err>
  </testcase>
  <testcase name="cityControllerInternalServerTest" classname="dev.manyroads.weather.AppTest" time="0.067">
    <system-out><![CDATA[2023-10-04T16:22:21.043+02:00  INFO 14884 --- [ctor-http-nio-4] d.m.weather.controller.CityController    : cityName: wwww
2023-10-04T16:22:21.070+02:00 ERROR 14884 --- [ctor-http-nio-4] a.w.r.e.AbstractErrorWebExceptionHandler : [734414a7-2]  500 Server Error for HTTP GET "/city?name=wwww"

java.lang.RuntimeException: Internal server error
	at dev.manyroads.weather.service.CityService.getCityCoordinates(CityService.java:41) ~[classes/:na]
	Suppressed: reactor.core.publisher.FluxOnAssembly$OnAssemblyException: 
Error has been observed at the following site(s):
	*__checkpoint ? HTTP GET "/city?name=wwww" [ExceptionHandlingWebHandler]
Original Stack Trace:
		at dev.manyroads.weather.service.CityService.getCityCoordinates(CityService.java:41) ~[classes/:na]
		at dev.manyroads.weather.controller.CityController.getCityLocation(CityController.java:38) ~[classes/:na]
		at java.base/jdk.internal.reflect.NativeMethodAccessorImpl.invoke0(Native Method) ~[na:na]
		at java.base/jdk.internal.reflect.NativeMethodAccessorImpl.invoke(NativeMethodAccessorImpl.java:77) ~[na:na]
		at java.base/jdk.internal.reflect.DelegatingMethodAccessorImpl.invoke(DelegatingMethodAccessorImpl.java:43) ~[na:na]
		at java.base/java.lang.reflect.Method.invoke(Method.java:568) ~[na:na]
		at org.springframework.web.reactive.result.method.InvocableHandlerMethod.lambda$invoke$0(InvocableHandlerMethod.java:145) ~[spring-webflux-6.0.12.jar:6.0.12]
		at reactor.core.publisher.MonoFlatMap$FlatMapMain.onNext(MonoFlatMap.java:132) ~[reactor-core-3.5.10.jar:3.5.10]
		at reactor.core.publisher.MonoZip$ZipCoordinator.signal(MonoZip.java:293) ~[reactor-core-3.5.10.jar:3.5.10]
		at reactor.core.publisher.MonoZip$ZipInner.onNext(MonoZip.java:474) ~[reactor-core-3.5.10.jar:3.5.10]
		at reactor.core.publisher.MonoPeekTerminal$MonoTerminalPeekSubscriber.onNext(MonoPeekTerminal.java:180) ~[reactor-core-3.5.10.jar:3.5.10]
		at reactor.core.publisher.FluxDefaultIfEmpty$DefaultIfEmptySubscriber.onNext(FluxDefaultIfEmpty.java:122) ~[reactor-core-3.5.10.jar:3.5.10]
		at reactor.core.publisher.FluxSwitchIfEmpty$SwitchIfEmptySubscriber.onNext(FluxSwitchIfEmpty.java:74) ~[reactor-core-3.5.10.jar:3.5.10]
		at reactor.core.publisher.Operators$ScalarSubscription.request(Operators.java:2545) ~[reactor-core-3.5.10.jar:3.5.10]
		at reactor.core.publisher.Operators$MultiSubscriptionSubscriber.set(Operators.java:2341) ~[reactor-core-3.5.10.jar:3.5.10]
		at reactor.core.publisher.Operators$MultiSubscriptionSubscriber.onSubscribe(Operators.java:2215) ~[reactor-core-3.5.10.jar:3.5.10]
		at reactor.core.publisher.FluxFlatMap.trySubscribeScalarMap(FluxFlatMap.java:192) ~[reactor-core-3.5.10.jar:3.5.10]
		at reactor.core.publisher.MonoFlatMap.subscribeOrReturn(MonoFlatMap.java:53) ~[reactor-core-3.5.10.jar:3.5.10]
		at reactor.core.publisher.InternalMonoOperator.subscribe(InternalMonoOperator.java:57) ~[reactor-core-3.5.10.jar:3.5.10]
		at reactor.core.publisher.MonoZip$ZipCoordinator.request(MonoZip.java:216) ~[reactor-core-3.5.10.jar:3.5.10]
		at reactor.core.publisher.MonoFlatMap$FlatMapMain.request(MonoFlatMap.java:194) ~[reactor-core-3.5.10.jar:3.5.10]
		at reactor.core.publisher.MonoIgnoreThen$ThenIgnoreMain.onSubscribe(MonoIgnoreThen.java:134) ~[reactor-core-3.5.10.jar:3.5.10]
		at reactor.core.publisher.MonoFlatMap$FlatMapMain.onSubscribe(MonoFlatMap.java:117) ~[reactor-core-3.5.10.jar:3.5.10]
		at reactor.core.publisher.MonoZip.subscribe(MonoZip.java:125) ~[reactor-core-3.5.10.jar:3.5.10]
		at reactor.core.publisher.InternalMonoOperator.subscribe(InternalMonoOperator.java:64) ~[reactor-core-3.5.10.jar:3.5.10]
		at reactor.core.publisher.MonoDefer.subscribe(MonoDefer.java:53) ~[reactor-core-3.5.10.jar:3.5.10]
		at reactor.core.publisher.MonoIgnoreThen$ThenIgnoreMain.subscribeNext(MonoIgnoreThen.java:240) ~[reactor-core-3.5.10.jar:3.5.10]
		at reactor.core.publisher.MonoIgnoreThen$ThenIgnoreMain.onComplete(MonoIgnoreThen.java:203) ~[reactor-core-3.5.10.jar:3.5.10]
		at reactor.core.publisher.MonoFlatMap$FlatMapMain.onComplete(MonoFlatMap.java:189) ~[reactor-core-3.5.10.jar:3.5.10]
		at reactor.core.publisher.Operators.complete(Operators.java:137) ~[reactor-core-3.5.10.jar:3.5.10]
		at reactor.core.publisher.MonoZip.subscribe(MonoZip.java:121) ~[reactor-core-3.5.10.jar:3.5.10]
		at reactor.core.publisher.Mono.subscribe(Mono.java:4495) ~[reactor-core-3.5.10.jar:3.5.10]
		at reactor.core.publisher.MonoIgnoreThen$ThenIgnoreMain.subscribeNext(MonoIgnoreThen.java:263) ~[reactor-core-3.5.10.jar:3.5.10]
		at reactor.core.publisher.MonoIgnoreThen.subscribe(MonoIgnoreThen.java:51) ~[reactor-core-3.5.10.jar:3.5.10]
		at reactor.core.publisher.InternalMonoOperator.subscribe(InternalMonoOperator.java:64) ~[reactor-core-3.5.10.jar:3.5.10]
		at reactor.core.publisher.MonoFlatMap$FlatMapMain.onNext(MonoFlatMap.java:165) ~[reactor-core-3.5.10.jar:3.5.10]
		at reactor.core.publisher.FluxOnErrorResume$ResumeSubscriber.onNext(FluxOnErrorResume.java:79) ~[reactor-core-3.5.10.jar:3.5.10]
		at reactor.core.publisher.FluxSwitchIfEmpty$SwitchIfEmptySubscriber.onNext(FluxSwitchIfEmpty.java:74) ~[reactor-core-3.5.10.jar:3.5.10]
		at reactor.core.publisher.MonoNext$NextSubscriber.onNext(MonoNext.java:82) ~[reactor-core-3.5.10.jar:3.5.10]
		at reactor.core.publisher.FluxConcatMapNoPrefetch$FluxConcatMapNoPrefetchSubscriber.innerNext(FluxConcatMapNoPrefetch.java:258) ~[reactor-core-3.5.10.jar:3.5.10]
		at reactor.core.publisher.FluxConcatMap$ConcatMapInner.onNext(FluxConcatMap.java:863) ~[reactor-core-3.5.10.jar:3.5.10]
		at reactor.core.publisher.FluxMapFuseable$MapFuseableSubscriber.onNext(FluxMapFuseable.java:129) ~[reactor-core-3.5.10.jar:3.5.10]
		at reactor.core.publisher.MonoPeekTerminal$MonoTerminalPeekSubscriber.onNext(MonoPeekTerminal.java:180) ~[reactor-core-3.5.10.jar:3.5.10]
		at reactor.core.publisher.Operators$ScalarSubscription.request(Operators.java:2545) ~[reactor-core-3.5.10.jar:3.5.10]
		at reactor.core.publisher.MonoPeekTerminal$MonoTerminalPeekSubscriber.request(MonoPeekTerminal.java:139) ~[reactor-core-3.5.10.jar:3.5.10]
		at reactor.core.publisher.FluxMapFuseable$MapFuseableSubscriber.request(FluxMapFuseable.java:171) ~[reactor-core-3.5.10.jar:3.5.10]
		at reactor.core.publisher.Operators$MultiSubscriptionSubscriber.request(Operators.java:2305) ~[reactor-core-3.5.10.jar:3.5.10]
		at reactor.core.publisher.FluxConcatMapNoPrefetch$FluxConcatMapNoPrefetchSubscriber.request(FluxConcatMapNoPrefetch.java:338) ~[reactor-core-3.5.10.jar:3.5.10]
		at reactor.core.publisher.MonoNext$NextSubscriber.request(MonoNext.java:108) ~[reactor-core-3.5.10.jar:3.5.10]
		at reactor.core.publisher.Operators$MultiSubscriptionSubscriber.set(Operators.java:2341) ~[reactor-core-3.5.10.jar:3.5.10]
		at reactor.core.publisher.Operators$MultiSubscriptionSubscriber.onSubscribe(Operators.java:2215) ~[reactor-core-3.5.10.jar:3.5.10]
		at reactor.core.publisher.MonoNext$NextSubscriber.onSubscribe(MonoNext.java:70) ~[reactor-core-3.5.10.jar:3.5.10]
		at reactor.core.publisher.FluxConcatMapNoPrefetch$FluxConcatMapNoPrefetchSubscriber.onSubscribe(FluxConcatMapNoPrefetch.java:164) ~[reactor-core-3.5.10.jar:3.5.10]
		at reactor.core.publisher.FluxIterable.subscribe(FluxIterable.java:201) ~[reactor-core-3.5.10.jar:3.5.10]
		at reactor.core.publisher.FluxIterable.subscribe(FluxIterable.java:83) ~[reactor-core-3.5.10.jar:3.5.10]
		at reactor.core.publisher.InternalMonoOperator.subscribe(InternalMonoOperator.java:64) ~[reactor-core-3.5.10.jar:3.5.10]
		at reactor.core.publisher.MonoDefer.subscribe(MonoDefer.java:53) ~[reactor-core-3.5.10.jar:3.5.10]
		at reactor.core.publisher.Mono.subscribe(Mono.java:4495) ~[reactor-core-3.5.10.jar:3.5.10]
		at reactor.core.publisher.MonoIgnoreThen$ThenIgnoreMain.subscribeNext(MonoIgnoreThen.java:263) ~[reactor-core-3.5.10.jar:3.5.10]
		at reactor.core.publisher.MonoIgnoreThen.subscribe(MonoIgnoreThen.java:51) ~[reactor-core-3.5.10.jar:3.5.10]
		at reactor.core.publisher.InternalMonoOperator.subscribe(InternalMonoOperator.java:64) ~[reactor-core-3.5.10.jar:3.5.10]
		at reactor.core.publisher.MonoDeferContextual.subscribe(MonoDeferContextual.java:55) ~[reactor-core-3.5.10.jar:3.5.10]
		at reactor.netty.http.server.HttpServer$HttpServerHandle.onStateChange(HttpServer.java:1052) ~[reactor-netty-http-1.1.11.jar:1.1.11]
		at reactor.netty.ReactorNetty$CompositeConnectionObserver.onStateChange(ReactorNetty.java:710) ~[reactor-netty-core-1.1.11.jar:1.1.11]
		at reactor.netty.transport.ServerTransport$ChildObserver.onStateChange(ServerTransport.java:481) ~[reactor-netty-core-1.1.11.jar:1.1.11]
		at reactor.netty.http.server.HttpServerOperations.onInboundNext(HttpServerOperations.java:647) ~[reactor-netty-http-1.1.11.jar:1.1.11]
		at reactor.netty.channel.ChannelOperationsHandler.channelRead(ChannelOperationsHandler.java:114) ~[reactor-netty-core-1.1.11.jar:1.1.11]
		at io.netty.channel.AbstractChannelHandlerContext.invokeChannelRead(AbstractChannelHandlerContext.java:444) ~[netty-transport-4.1.97.Final.jar:4.1.97.Final]
		at io.netty.channel.AbstractChannelHandlerContext.invokeChannelRead(AbstractChannelHandlerContext.java:420) ~[netty-transport-4.1.97.Final.jar:4.1.97.Final]
		at io.netty.channel.AbstractChannelHandlerContext.fireChannelRead(AbstractChannelHandlerContext.java:412) ~[netty-transport-4.1.97.Final.jar:4.1.97.Final]
		at reactor.netty.http.server.HttpTrafficHandler.channelRead(HttpTrafficHandler.java:238) ~[reactor-netty-http-1.1.11.jar:1.1.11]
		at io.netty.channel.AbstractChannelHandlerContext.invokeChannelRead(AbstractChannelHandlerContext.java:442) ~[netty-transport-4.1.97.Final.jar:4.1.97.Final]
		at io.netty.channel.AbstractChannelHandlerContext.invokeChannelRead(AbstractChannelHandlerContext.java:420) ~[netty-transport-4.1.97.Final.jar:4.1.97.Final]
		at io.netty.channel.AbstractChannelHandlerContext.fireChannelRead(AbstractChannelHandlerContext.java:412) ~[netty-transport-4.1.97.Final.jar:4.1.97.Final]
		at io.netty.channel.CombinedChannelDuplexHandler$DelegatingChannelHandlerContext.fireChannelRead(CombinedChannelDuplexHandler.java:436) ~[netty-transport-4.1.97.Final.jar:4.1.97.Final]
		at io.netty.handler.codec.ByteToMessageDecoder.fireChannelRead(ByteToMessageDecoder.java:346) ~[netty-codec-4.1.97.Final.jar:4.1.97.Final]
		at io.netty.handler.codec.ByteToMessageDecoder.channelRead(ByteToMessageDecoder.java:318) ~[netty-codec-4.1.97.Final.jar:4.1.97.Final]
		at io.netty.channel.CombinedChannelDuplexHandler.channelRead(CombinedChannelDuplexHandler.java:251) ~[netty-transport-4.1.97.Final.jar:4.1.97.Final]
		at io.netty.channel.AbstractChannelHandlerContext.invokeChannelRead(AbstractChannelHandlerContext.java:442) ~[netty-transport-4.1.97.Final.jar:4.1.97.Final]
		at io.netty.channel.AbstractChannelHandlerContext.invokeChannelRead(AbstractChannelHandlerContext.java:420) ~[netty-transport-4.1.97.Final.jar:4.1.97.Final]
		at io.netty.channel.AbstractChannelHandlerContext.fireChannelRead(AbstractChannelHandlerContext.java:412) ~[netty-transport-4.1.97.Final.jar:4.1.97.Final]
		at io.netty.channel.DefaultChannelPipeline$HeadContext.channelRead(DefaultChannelPipeline.java:1410) ~[netty-transport-4.1.97.Final.jar:4.1.97.Final]
		at io.netty.channel.AbstractChannelHandlerContext.invokeChannelRead(AbstractChannelHandlerContext.java:440) ~[netty-transport-4.1.97.Final.jar:4.1.97.Final]
		at io.netty.channel.AbstractChannelHandlerContext.invokeChannelRead(AbstractChannelHandlerContext.java:420) ~[netty-transport-4.1.97.Final.jar:4.1.97.Final]
		at io.netty.channel.DefaultChannelPipeline.fireChannelRead(DefaultChannelPipeline.java:919) ~[netty-transport-4.1.97.Final.jar:4.1.97.Final]
		at io.netty.channel.nio.AbstractNioByteChannel$NioByteUnsafe.read(AbstractNioByteChannel.java:166) ~[netty-transport-4.1.97.Final.jar:4.1.97.Final]
		at io.netty.channel.nio.NioEventLoop.processSelectedKey(NioEventLoop.java:788) ~[netty-transport-4.1.97.Final.jar:4.1.97.Final]
		at io.netty.channel.nio.NioEventLoop.processSelectedKeysOptimized(NioEventLoop.java:724) ~[netty-transport-4.1.97.Final.jar:4.1.97.Final]
		at io.netty.channel.nio.NioEventLoop.processSelectedKeys(NioEventLoop.java:650) ~[netty-transport-4.1.97.Final.jar:4.1.97.Final]
		at io.netty.channel.nio.NioEventLoop.run(NioEventLoop.java:562) ~[netty-transport-4.1.97.Final.jar:4.1.97.Final]
		at io.netty.util.concurrent.SingleThreadEventExecutor$4.run(SingleThreadEventExecutor.java:997) ~[netty-common-4.1.97.Final.jar:4.1.97.Final]
		at io.netty.util.internal.ThreadExecutorMap$2.run(ThreadExecutorMap.java:74) ~[netty-common-4.1.97.Final.jar:4.1.97.Final]
		at io.netty.util.concurrent.FastThreadLocalRunnable.run(FastThreadLocalRunnable.java:30) ~[netty-common-4.1.97.Final.jar:4.1.97.Final]
		at java.base/java.lang.Thread.run(Thread.java:833) ~[na:na]

]]></system-out>
  </testcase>
</testsuite>